[0m16:11:01.664721 [debug] [MainThread]: Sending event: {'category': 'dbt', 'action': 'invocation', 'label': 'start', 'context': [<snowplow_tracker.self_describing_json.SelfDescribingJson object at 0x000001FD3584E990>, <snowplow_tracker.self_describing_json.SelfDescribingJson object at 0x000001FD3584DC40>, <snowplow_tracker.self_describing_json.SelfDescribingJson object at 0x000001FD3584EB10>]}


============================== 16:11:01.671134 | d7c73a42-05f1-4683-9be6-babe40fc8482 ==============================
[0m16:11:01.671134 [info ] [MainThread]: Running with dbt=1.11.7
[0m16:11:01.671134 [debug] [MainThread]: running dbt with arguments {'version_check': 'True', 'no_print': 'None', 'static_parser': 'True', 'target_path': 'None', 'warn_error_options': 'WarnErrorOptionsV2(error=[], warn=[], silence=[])', 'printer_width': '80', 'write_json': 'True', 'introspect': 'True', 'log_cache_events': 'False', 'empty': 'None', 'cache_selected_only': 'False', 'log_format': 'default', 'debug': 'False', 'fail_fast': 'False', 'partial_parse': 'True', 'send_anonymous_usage_stats': 'True', 'quiet': 'False', 'warn_error': 'None', 'profiles_dir': 'C:\\Users\\ericg\\.dbt', 'indirect_selection': 'eager', 'invocation_command': 'dbt debug', 'use_colors': 'True', 'use_experimental_parser': 'False', 'log_path': 'C:\\Users\\ericg\\Mon Drive\\OpenClassrooms Data Engineer\\08_Construisez et testez une infrastructure de données\\Projet 08\\projet8_dbt\\logs'}
[0m16:11:01.690866 [info ] [MainThread]: dbt version: 1.11.7
[0m16:11:01.690866 [info ] [MainThread]: python version: 3.12.10
[0m16:11:01.691871 [info ] [MainThread]: python path: C:\Users\ericg\AppData\Local\pypoetry\Cache\virtualenvs\projet-08-bvQYr9xE-py3.12\Scripts\python.exe
[0m16:11:01.691871 [info ] [MainThread]: os info: Windows-11-10.0.26200-SP0
[0m16:11:01.738580 [info ] [MainThread]: Using profiles dir at C:\Users\ericg\.dbt
[0m16:11:01.739771 [info ] [MainThread]: Using profiles.yml file at C:\Users\ericg\.dbt\profiles.yml
[0m16:11:01.739771 [info ] [MainThread]: Using dbt_project.yml file at C:\Users\ericg\Mon Drive\OpenClassrooms Data Engineer\08_Construisez et testez une infrastructure de données\Projet 08\projet8_dbt\dbt_project.yml
[0m16:11:01.741774 [info ] [MainThread]: adapter type: postgres
[0m16:11:01.741774 [info ] [MainThread]: adapter version: 1.10.0
[0m16:11:01.827423 [info ] [MainThread]: Configuration:
[0m16:11:01.828425 [info ] [MainThread]:   profiles.yml file [[32mOK found and valid[0m]
[0m16:11:01.829423 [info ] [MainThread]:   dbt_project.yml file [[32mOK found and valid[0m]
[0m16:11:01.829423 [info ] [MainThread]: Required dependencies:
[0m16:11:01.830425 [debug] [MainThread]: Executing "git --help"
[0m16:11:01.865983 [debug] [MainThread]: STDOUT: "b"usage: git [-v | --version] [-h | --help] [-C <path>] [-c <name>=<value>]\n           [--exec-path[=<path>]] [--html-path] [--man-path] [--info-path]\n           [-p | --paginate | -P | --no-pager] [--no-replace-objects] [--no-lazy-fetch]\n           [--no-optional-locks] [--no-advice] [--bare] [--git-dir=<path>]\n           [--work-tree=<path>] [--namespace=<name>] [--config-env=<name>=<envvar>]\n           <command> [<args>]\n\nThese are common Git commands used in various situations:\n\nstart a working area (see also: git help tutorial)\n   clone      Clone a repository into a new directory\n   init       Create an empty Git repository or reinitialize an existing one\n\nwork on the current change (see also: git help everyday)\n   add        Add file contents to the index\n   mv         Move or rename a file, a directory, or a symlink\n   restore    Restore working tree files\n   rm         Remove files from the working tree and from the index\n\nexamine the history and state (see also: git help revisions)\n   bisect     Use binary search to find the commit that introduced a bug\n   diff       Show changes between commits, commit and working tree, etc\n   grep       Print lines matching a pattern\n   log        Show commit logs\n   show       Show various types of objects\n   status     Show the working tree status\n\ngrow, mark and tweak your common history\n   backfill   Download missing objects in a partial clone\n   branch     List, create, or delete branches\n   commit     Record changes to the repository\n   merge      Join two or more development histories together\n   rebase     Reapply commits on top of another base tip\n   reset      Reset current HEAD to the specified state\n   switch     Switch branches\n   tag        Create, list, delete or verify tags\n\ncollaborate (see also: git help workflows)\n   fetch      Download objects and refs from another repository\n   pull       Fetch from and integrate with another repository or a local branch\n   push       Update remote refs along with associated objects\n\n'git help -a' and 'git help -g' list available subcommands and some\nconcept guides. See 'git help <command>' or 'git help <concept>'\nto read about a specific subcommand or concept.\nSee 'git help git' for an overview of the system.\n""
[0m16:11:01.865983 [debug] [MainThread]: STDERR: "b''"
[0m16:11:01.865983 [info ] [MainThread]:  - git [[32mOK found[0m]

[0m16:11:01.867376 [info ] [MainThread]: Connection:
[0m16:11:01.868385 [info ] [MainThread]:   host: localhost
[0m16:11:01.868385 [info ] [MainThread]:   port: 5432
[0m16:11:01.868385 [info ] [MainThread]:   user: postgres
[0m16:11:01.868385 [info ] [MainThread]:   database: weather_db
[0m16:11:01.869863 [info ] [MainThread]:   schema: public
[0m16:11:01.869863 [info ] [MainThread]:   connect_timeout: 10
[0m16:11:01.869863 [info ] [MainThread]:   role: None
[0m16:11:01.869863 [info ] [MainThread]:   search_path: None
[0m16:11:01.870864 [info ] [MainThread]:   keepalives_idle: 0
[0m16:11:01.870864 [info ] [MainThread]:   sslmode: None
[0m16:11:01.871863 [info ] [MainThread]:   sslcert: None
[0m16:11:01.871863 [info ] [MainThread]:   sslkey: None
[0m16:11:01.872439 [info ] [MainThread]:   sslrootcert: None
[0m16:11:01.872978 [info ] [MainThread]:   application_name: dbt
[0m16:11:01.872978 [info ] [MainThread]:   retries: 1
[0m16:11:01.873991 [info ] [MainThread]: Registered adapter: postgres=1.10.0
[0m16:11:02.115069 [debug] [MainThread]: Acquiring new postgres connection 'debug'
[0m16:11:02.168920 [debug] [MainThread]: Using postgres connection "debug"
[0m16:11:02.168920 [debug] [MainThread]: On debug: select 1 as id
[0m16:11:02.169921 [debug] [MainThread]: Opening a new connection, currently in state init
[0m16:11:02.190284 [debug] [MainThread]: SQL status: SELECT 1 in 0.021 seconds
[0m16:11:02.191792 [debug] [MainThread]: On debug: Close
[0m16:11:02.192802 [info ] [MainThread]:   Connection test: [[32mOK connection ok[0m]

[0m16:11:02.192802 [info ] [MainThread]: [32mAll checks passed![0m
[0m16:11:02.194123 [debug] [MainThread]: Command `dbt debug` succeeded at 16:11:02.194123 after 0.65 seconds
[0m16:11:02.194123 [debug] [MainThread]: Connection 'debug' was properly closed.
[0m16:11:02.194123 [debug] [MainThread]: Sending event: {'category': 'dbt', 'action': 'invocation', 'label': 'end', 'context': [<snowplow_tracker.self_describing_json.SelfDescribingJson object at 0x000001FD36E3FE00>, <snowplow_tracker.self_describing_json.SelfDescribingJson object at 0x000001FD3720EC90>, <snowplow_tracker.self_describing_json.SelfDescribingJson object at 0x000001FD35689BB0>]}
[0m16:11:02.195123 [debug] [MainThread]: Flushing usage events
[0m16:11:03.547356 [debug] [MainThread]: An error was encountered while trying to flush usage events
